生成启动时间为 2019/4/3 19:44:55。
     1>项目“E:\SHARE\practice\xq__4_1\xq__4_1\xq__4_1.vcxproj”在节点 2 上(Build 个目标)。
     1>ClCompile:
         E:\vs2013\VC\bin\CL.exe /c /ZI /nologo /W3 /WX- /sdl /Od /Oy- /D _MBCS /Gm /EHsc /RTC1 /MDd /GS /fp:precise /Zc:wchar_t /Zc:forScope /Fo"Debug\\" /Fd"Debug\vc120.pdb" /Gd /TC /analyze- /errorReport:prompt test.7.1.c test.7.2.c test.7.3.c test.7.4.c test.7.5.c test.7.6.c test.7.7.c
         test.7.7.c
         test.7.6.c
         test.7.5.c
         test.7.4.c
     1>e:\share\practice\xq__4_1\xq__4_1\test.7.4.c(11): warning C4013: “strlen”未定义；假设外部返回 int
     1>e:\share\practice\xq__4_1\xq__4_1\test.7.4.c(14): warning C4047: “return”:“int”与“char *”的间接级别不同
     1>e:\share\practice\xq__4_1\xq__4_1\test.7.4.c(23): warning C4047: “return”:“int”与“char *”的间接级别不同
         test.7.3.c
         test.7.2.c
         test.7.1.c
         正在生成代码...
       Link:
         E:\vs2013\VC\bin\link.exe /ERRORREPORT:PROMPT /OUT:"E:\SHARE\practice\xq__4_1\Debug\xq__4_1.exe" /INCREMENTAL /NOLOGO kernel32.lib user32.lib gdi32.lib winspool.lib comdlg32.lib advapi32.lib shell32.lib ole32.lib oleaut32.lib uuid.lib odbc32.lib odbccp32.lib /MANIFEST /MANIFESTUAC:"level='asInvoker' uiAccess='false'" /manifest:embed /DEBUG /PDB:"E:\SHARE\practice\xq__4_1\Debug\xq__4_1.pdb" /TLBID:1 /DYNAMICBASE /NXCOMPAT /IMPLIB:"E:\SHARE\practice\xq__4_1\Debug\xq__4_1.lib" /MACHINE:X86 Debug\test.6.1.obj
         Debug\test.6.2.obj
         Debug\test.6.3.obj
         Debug\test.6.4.obj
         Debug\test.6.5.obj
         Debug\test.7.1.obj
         Debug\test.7.2.obj
         Debug\test.7.3.obj
         Debug\test.7.4.obj
         Debug\test.7.5.obj
         Debug\test.7.6.obj
         Debug\test.7.7.obj
         xq__4_1.vcxproj -> E:\SHARE\practice\xq__4_1\Debug\xq__4_1.exe
     1>已完成生成项目“E:\SHARE\practice\xq__4_1\xq__4_1\xq__4_1.vcxproj”(Build 个目标)的操作。

生成成功。

已用时间 00:00:01.77
